<?xml version="1.0" encoding="UTF-8"?>
<testsuite xmlns:xsi="http://www.w3.org/2001/XMLSchema-instance" xsi:noNamespaceSchemaLocation="https://maven.apache.org/surefire/maven-surefire-plugin/xsd/surefire-test-report-3.0.xsd" version="3.0" name="com.mycompany.solactividad6.Map.HashMapTest" time="0.036" tests="16" errors="0" skipped="0" failures="0">
  <properties>
    <property name="java.specification.version" value="21"/>
    <property name="sun.jnu.encoding" value="UTF-8"/>
    <property name="java.class.path" value="/home/estudante/NetBeansProjects/SolActividad6/target/test-classes:/home/estudante/NetBeansProjects/SolActividad6/target/classes:/home/estudante/.m2/repository/junit/junit/4.13.2/junit-4.13.2.jar:/home/estudante/.m2/repository/org/hamcrest/hamcrest-core/1.3/hamcrest-core-1.3.jar:"/>
    <property name="java.vm.vendor" value="Ubuntu"/>
    <property name="sun.arch.data.model" value="64"/>
    <property name="java.vendor.url" value="https://ubuntu.com/"/>
    <property name="os.name" value="Linux"/>
    <property name="java.vm.specification.version" value="21"/>
    <property name="user.country" value="ES"/>
    <property name="sun.java.launcher" value="SUN_STANDARD"/>
    <property name="sun.boot.library.path" value="/usr/lib/jvm/java-21-openjdk-amd64/lib"/>
    <property name="sun.java.command" value="/home/estudante/NetBeansProjects/SolActividad6/target/surefire/surefirebooter-20241115114405472_3.jar /home/estudante/NetBeansProjects/SolActividad6/target/surefire 2024-11-15T11-44-05_428-jvmRun1 surefire-20241115114405472_1tmp surefire_0-20241115114405472_2tmp"/>
    <property name="jdk.debug" value="release"/>
    <property name="surefire.test.class.path" value="/home/estudante/NetBeansProjects/SolActividad6/target/test-classes:/home/estudante/NetBeansProjects/SolActividad6/target/classes:/home/estudante/.m2/repository/junit/junit/4.13.2/junit-4.13.2.jar:/home/estudante/.m2/repository/org/hamcrest/hamcrest-core/1.3/hamcrest-core-1.3.jar:"/>
    <property name="sun.cpu.endian" value="little"/>
    <property name="user.home" value="/home/estudante"/>
    <property name="user.language" value="es"/>
    <property name="java.specification.vendor" value="Oracle Corporation"/>
    <property name="java.version.date" value="2024-04-16"/>
    <property name="java.home" value="/usr/lib/jvm/java-21-openjdk-amd64"/>
    <property name="file.separator" value="/"/>
    <property name="basedir" value="/home/estudante/NetBeansProjects/SolActividad6"/>
    <property name="java.vm.compressedOopsMode" value="Zero based"/>
    <property name="line.separator" value="&#10;"/>
    <property name="java.specification.name" value="Java Platform API Specification"/>
    <property name="java.vm.specification.vendor" value="Oracle Corporation"/>
    <property name="surefire.real.class.path" value="/home/estudante/NetBeansProjects/SolActividad6/target/surefire/surefirebooter-20241115114405472_3.jar"/>
    <property name="sun.management.compiler" value="HotSpot 64-Bit Tiered Compilers"/>
    <property name="java.runtime.version" value="21.0.3+9-Ubuntu-1ubuntu1"/>
    <property name="user.name" value="estudante"/>
    <property name="stdout.encoding" value="UTF-8"/>
    <property name="path.separator" value=":"/>
    <property name="os.version" value="6.8.0-39-generic"/>
    <property name="java.runtime.name" value="OpenJDK Runtime Environment"/>
    <property name="file.encoding" value="UTF-8"/>
    <property name="java.vm.name" value="OpenJDK 64-Bit Server VM"/>
    <property name="maven.ext.class.path" value="/snap/netbeans/111/netbeans/java/maven-nblib/netbeans-eventspy.jar"/>
    <property name="localRepository" value="/home/estudante/.m2/repository"/>
    <property name="java.vendor.url.bug" value="https://bugs.launchpad.net/ubuntu/+source/openjdk-21"/>
    <property name="java.io.tmpdir" value="/tmp"/>
    <property name="java.version" value="21.0.3"/>
    <property name="user.dir" value="/home/estudante/NetBeansProjects/SolActividad6"/>
    <property name="os.arch" value="amd64"/>
    <property name="java.vm.specification.name" value="Java Virtual Machine Specification"/>
    <property name="native.encoding" value="UTF-8"/>
    <property name="java.library.path" value="/usr/java/packages/lib:/usr/lib/x86_64-linux-gnu/jni:/lib/x86_64-linux-gnu:/usr/lib/x86_64-linux-gnu:/usr/lib/jni:/lib:/usr/lib"/>
    <property name="java.vm.info" value="mixed mode, sharing"/>
    <property name="stderr.encoding" value="UTF-8"/>
    <property name="java.vendor" value="Ubuntu"/>
    <property name="java.vm.version" value="21.0.3+9-Ubuntu-1ubuntu1"/>
    <property name="sun.io.unicode.encoding" value="UnicodeLittle"/>
    <property name="java.class.version" value="65.0"/>
  </properties>
  <testcase name="testGetNonExistent" classname="com.mycompany.solactividad6.Map.HashMapTest" time="0.006">
    <system-out><![CDATA[Test 'get' si clave no existe
]]></system-out>
  </testcase>
  <testcase name="testIllegalCapacity" classname="com.mycompany.solactividad6.Map.HashMapTest" time="0.0">
    <system-out><![CDATA[Test 'HashMap' con capacidad negativa
]]></system-out>
  </testcase>
  <testcase name="testGetNull" classname="com.mycompany.solactividad6.Map.HashMapTest" time="0.0">
    <system-out><![CDATA[Test 'get' si clave es null
]]></system-out>
  </testcase>
  <testcase name="testTamañoVacio" classname="com.mycompany.solactividad6.Map.HashMapTest" time="0.0">
    <system-out><![CDATA[Test 'tamaño' con HashMap vacío
]]></system-out>
  </testcase>
  <testcase name="testGetAndInsertar" classname="com.mycompany.solactividad6.Map.HashMapTest" time="0.0">
    <system-out><![CDATA[Test 'get' e 'insertar' correctos
]]></system-out>
  </testcase>
  <testcase name="testGetValorNull" classname="com.mycompany.solactividad6.Map.HashMapTest" time="0.0">
    <system-out><![CDATA[Test 'get' si valor null
]]></system-out>
  </testcase>
  <testcase name="testEliminarNonExistent" classname="com.mycompany.solactividad6.Map.HashMapTest" time="0.0">
    <system-out><![CDATA[Test 'eliminar' clave no existente
]]></system-out>
  </testcase>
  <testcase name="testEliminarValorNull" classname="com.mycompany.solactividad6.Map.HashMapTest" time="0.001">
    <system-out><![CDATA[Test 'eliminar' si valor es null
]]></system-out>
  </testcase>
  <testcase name="testInsertarValorNull" classname="com.mycompany.solactividad6.Map.HashMapTest" time="0.0">
    <system-out><![CDATA[Test 'insertar' si valor es null
]]></system-out>
  </testcase>
  <testcase name="testGetValores" classname="com.mycompany.solactividad6.Map.HashMapTest" time="0.0">
    <system-out><![CDATA[Test 'getValores' 
]]></system-out>
  </testcase>
  <testcase name="testEliminar" classname="com.mycompany.solactividad6.Map.HashMapTest" time="0.0">
    <system-out><![CDATA[Test 'eliminar' clave existente
]]></system-out>
  </testcase>
  <testcase name="testGetClaves" classname="com.mycompany.solactividad6.Map.HashMapTest" time="0.0">
    <system-out><![CDATA[Test 'getClaves' 
]]></system-out>
  </testcase>
  <testcase name="testGetClaveNull" classname="com.mycompany.solactividad6.Map.HashMapTest" time="0.0">
    <system-out><![CDATA[Test 'get' si clave null
]]></system-out>
  </testcase>
  <testcase name="testEliminarClaveNull" classname="com.mycompany.solactividad6.Map.HashMapTest" time="0.0">
    <system-out><![CDATA[Test 'eliminar' si clave es null
]]></system-out>
  </testcase>
  <testcase name="testInsertarClaveNull" classname="com.mycompany.solactividad6.Map.HashMapTest" time="0.001">
    <system-out><![CDATA[Test 'insertar' si clave es null
]]></system-out>
  </testcase>
  <testcase name="testTamaño" classname="com.mycompany.solactividad6.Map.HashMapTest" time="0.0">
    <system-out><![CDATA[Test 'tamaño' con valor 2
]]></system-out>
  </testcase>
</testsuite>